#
# There is insufficient memory for the Java Runtime Environment to continue.
# Native memory allocation (mmap) failed to map 193462272 bytes for committing reserved memory.
# Possible reasons:
#   The system is out of physical RAM or swap space
#   In 32 bit mode, the process size limit was hit
# Possible solutions:
#   Reduce memory load on the system
#   Increase physical memory or swap space
#   Check if swap backing store is full
#   Use 64 bit Java on a 64 bit OS
#   Decrease Java heap size (-Xmx/-Xms)
#   Decrease number of Java threads
#   Decrease Java thread stack sizes (-Xss)
#   Set larger code cache with -XX:ReservedCodeCacheSize=
# This output file may be truncated or incomplete.
#
#  Out of Memory Error (os_linux.cpp:2640), pid=3184, tid=0x00007f8d4aef5700
#
# JRE version: Java(TM) SE Runtime Environment (8.0_171-b11) (build 1.8.0_171-b11)
# Java VM: Java HotSpot(TM) 64-Bit Server VM (25.171-b11 mixed mode linux-amd64 compressed oops)
# Failed to write core dump. Core dumps have been disabled. To enable core dumping, try "ulimit -c unlimited" before starting Java again
#

---------------  T H R E A D  ---------------

Current thread (0x00007f8d6c07a000):  VMThread [stack: 0x00007f8d4adf6000,0x00007f8d4aef6000] [id=3193]

Stack: [0x00007f8d4adf6000,0x00007f8d4aef6000],  sp=0x00007f8d4aef40c0,  free space=1016k
Native frames: (J=compiled Java code, j=interpreted, Vv=VM code, C=native code)
V  [libjvm.so+0xacfffa]  VMError::report_and_die()+0x2ba
V  [libjvm.so+0x5005cb]  report_vm_out_of_memory(char const*, int, unsigned long, VMErrorType, char const*)+0x8b
V  [libjvm.so+0x92dd93]  os::Linux::commit_memory_impl(char*, unsigned long, bool)+0x123
V  [libjvm.so+0x92dfb9]  os::pd_commit_memory(char*, unsigned long, unsigned long, bool)+0x29
V  [libjvm.so+0x92527a]  os::commit_memory(char*, unsigned long, unsigned long, bool)+0x2a
V  [libjvm.so+0x99b223]  PSVirtualSpace::expand_by(unsigned long)+0x53
V  [libjvm.so+0x99c628]  PSYoungGen::resize_generation(unsigned long, unsigned long)+0xf8
V  [libjvm.so+0x99b782]  PSYoungGen::resize(unsigned long, unsigned long)+0x22
V  [libjvm.so+0x998a5b]  PSScavenge::invoke_no_policy()+0xf3b
V  [libjvm.so+0x9991e1]  PSScavenge::invoke()+0x41
V  [libjvm.so+0x94fcb0]  ParallelScavengeHeap::failed_mem_allocate(unsigned long)+0x70
V  [libjvm.so+0xad1a77]  VM_ParallelGCFailedAllocation::doit()+0x97
V  [libjvm.so+0xad9595]  VM_Operation::evaluate()+0x55
V  [libjvm.so+0xad795a]  VMThread::evaluate_operation(VM_Operation*)+0xba
V  [libjvm.so+0xad7cde]  VMThread::loop()+0x1ce
V  [libjvm.so+0xad8150]  VMThread::run()+0x70
V  [libjvm.so+0x92e0f8]  java_start(Thread*)+0x108

VM_Operation (0x00007f8d727de910): ParallelGCFailedAllocation, mode: safepoint, requested by thread 0x00007f8d6c00c000


---------------  P R O C E S S  ---------------

Java Threads: ( => current thread )
  0x00007f8d6c0c8000 JavaThread "Service Thread" daemon [_thread_blocked, id=3200, stack(0x00007f8d49d1f000,0x00007f8d49e20000)]
  0x00007f8d6c0c5000 JavaThread "C1 CompilerThread2" daemon [_thread_blocked, id=3199, stack(0x00007f8d49e21000,0x00007f8d49f21000)]
  0x00007f8d6c0c3800 JavaThread "C2 CompilerThread1" daemon [_thread_blocked, id=3198, stack(0x00007f8d49f22000,0x00007f8d4a022000)]
  0x00007f8d6c0c0800 JavaThread "C2 CompilerThread0" daemon [_thread_blocked, id=3197, stack(0x00007f8d4a023000,0x00007f8d4a123000)]
  0x00007f8d6c0bf000 JavaThread "Signal Dispatcher" daemon [_thread_blocked, id=3196, stack(0x00007f8d4a123000,0x00007f8d4a224000)]
  0x00007f8d6c08b800 JavaThread "Finalizer" daemon [_thread_blocked, id=3195, stack(0x00007f8d4abf3000,0x00007f8d4acf4000)]
  0x00007f8d6c081800 JavaThread "Reference Handler" daemon [_thread_blocked, id=3194, stack(0x00007f8d4acf4000,0x00007f8d4adf5000)]
  0x00007f8d6c00c000 JavaThread "main" [_thread_blocked, id=3188, stack(0x00007f8d726e1000,0x00007f8d727e1000)]

Other Threads:
=>0x00007f8d6c07a000 VMThread [stack: 0x00007f8d4adf6000,0x00007f8d4aef6000] [id=3193]
  0x00007f8d6c0cd000 WatcherThread [stack: 0x00007f8d49c1f000,0x00007f8d49d1f000] [id=3201]

VM state:at safepoint (normal execution)

VM Mutex/Monitor currently owned by a thread:  ([mutex/lock_event])
[0x00007f8d6c0084c0] Threads_lock - owner thread: 0x00007f8d6c07a000
[0x00007f8d6c0089c0] Heap_lock - owner thread: 0x00007f8d6c00c000

Heap:
 PSYoungGen      total 316928K, used 96K [0x00000000e0f00000, 0x00000000f4680000, 0x0000000100000000)
  eden space 314880K, 0% used [0x00000000e0f00000,0x00000000e0f00000,0x00000000f4280000)
  from space 2048K, 4% used [0x00000000f4280000,0x00000000f4298000,0x00000000f4480000)
  to   space 2048K, 0% used [0x00000000f4480000,0x00000000f4480000,0x00000000f4680000)
 ParOldGen       total 64512K, used 2295K [0x00000000a2c00000, 0x00000000a6b00000, 0x00000000e0f00000)
  object space 64512K, 3% used [0x00000000a2c00000,0x00000000a2e3dc70,0x00000000a6b00000)
 Metaspace       used 4838K, capacity 6136K, committed 6400K, reserved 1056768K
  class space    used 437K, capacity 488K, committed 512K, reserved 1048576K

Card table byte_map: [0x00007f8d5bef7000,0x00007f8d5c1e2000] byte_map_base: 0x00007f8d5b9e1000

Marking Bits: (ParMarkBitMap*) 0x00007f8d71b80280
 Begin Bits: [0x00007f8d58b62000, 0x00007f8d5a2b2000)
 End Bits:   [0x00007f8d5a2b2000, 0x00007f8d5ba02000)

Polling page: 0x00007f8d727fd000

CodeCache: size=245760Kb used=3350Kb max_used=3362Kb free=242409Kb
 bounds [0x00007f8d5c5a2000, 0x00007f8d5c8f2000, 0x00007f8d6b5a2000]
 total_blobs=937 nmethods=674 adapters=176
 compilation: enabled

Compilation events (10 events):
Event: 1.642 Thread 0x00007f8d6c0c5000  674       3       aoc.day10.Day10::reverse (181 bytes)
Event: 1.644 Thread 0x00007f8d6c0c5000 nmethod 674 0x00007f8d5c8df590 code [0x00007f8d5c8df8c0, 0x00007f8d5c8e0ea8]
Event: 1.644 Thread 0x00007f8d6c0c5000  675       3       kotlin.collections.CollectionsKt___CollectionsKt::toMutableList (39 bytes)
Event: 1.644 Thread 0x00007f8d6c0c5000 nmethod 675 0x00007f8d5c8de710 code [0x00007f8d5c8de920, 0x00007f8d5c8df278]
Event: 1.645 Thread 0x00007f8d6c0c5000  676       3       kotlin.collections.CollectionsKt___CollectionsJvmKt::reverse (11 bytes)
Event: 1.645 Thread 0x00007f8d6c0c5000 nmethod 676 0x00007f8d5c8de250 code [0x00007f8d5c8de3e0, 0x00007f8d5c8de618]
Event: 1.770 Thread 0x00007f8d6c0c5000  677       3       kotlin.collections.CollectionsKt___CollectionsKt::reversed (42 bytes)
Event: 1.770 Thread 0x00007f8d6c0c5000 nmethod 677 0x00007f8d5c8dd710 code [0x00007f8d5c8dd900, 0x00007f8d5c8de018]
Event: 2.034 Thread 0x00007f8d6c0c3800  678       4       java.util.Collections::reverse (125 bytes)
Event: 2.040 Thread 0x00007f8d6c0c3800 nmethod 678 0x00007f8d5c8dd010 code [0x00007f8d5c8dd160, 0x00007f8d5c8dd518]

GC Heap History (10 events):
Event: 1.015 GC heap after
Heap after GC invocations=6 (full 0):
 PSYoungGen      total 99328K, used 816K [0x00000000e0f00000, 0x00000000e7100000, 0x0000000100000000)
  eden space 98304K, 0% used [0x00000000e0f00000,0x00000000e0f00000,0x00000000e6f00000)
  from space 1024K, 79% used [0x00000000e7000000,0x00000000e70cc010,0x00000000e7100000)
  to   space 1024K, 0% used [0x00000000e6f00000,0x00000000e6f00000,0x00000000e7000000)
 ParOldGen       total 64512K, used 40K [0x00000000a2c00000, 0x00000000a6b00000, 0x00000000e0f00000)
  object space 64512K, 0% used [0x00000000a2c00000,0x00000000a2c0a000,0x00000000a6b00000)
 Metaspace       used 4535K, capacity 5880K, committed 6144K, reserved 1056768K
  class space    used 412K, capacity 488K, committed 512K, reserved 1048576K
}
Event: 1.182 GC heap before
{Heap before GC invocations=7 (full 0):
 PSYoungGen      total 99328K, used 99120K [0x00000000e0f00000, 0x00000000e7100000, 0x0000000100000000)
  eden space 98304K, 100% used [0x00000000e0f00000,0x00000000e6f00000,0x00000000e6f00000)
  from space 1024K, 79% used [0x00000000e7000000,0x00000000e70cc010,0x00000000e7100000)
  to   space 1024K, 0% used [0x00000000e6f00000,0x00000000e6f00000,0x00000000e7000000)
 ParOldGen       total 64512K, used 40K [0x00000000a2c00000, 0x00000000a6b00000, 0x00000000e0f00000)
  object space 64512K, 0% used [0x00000000a2c00000,0x00000000a2c0a000,0x00000000a6b00000)
 Metaspace       used 4643K, capacity 5944K, committed 6144K, reserved 1056768K
  class space    used 420K, capacity 488K, committed 512K, reserved 1048576K
Event: 1.190 GC heap after
Heap after GC invocations=7 (full 0):
 PSYoungGen      total 99328K, used 1024K [0x00000000e0f00000, 0x00000000ed300000, 0x0000000100000000)
  eden space 98304K, 0% used [0x00000000e0f00000,0x00000000e0f00000,0x00000000e6f00000)
  from space 1024K, 100% used [0x00000000e6f00000,0x00000000e7000000,0x00000000e7000000)
  to   space 2048K, 0% used [0x00000000ed100000,0x00000000ed100000,0x00000000ed300000)
 ParOldGen       total 64512K, used 1485K [0x00000000a2c00000, 0x00000000a6b00000, 0x00000000e0f00000)
  object space 64512K, 2% used [0x00000000a2c00000,0x00000000a2d736e8,0x00000000a6b00000)
 Metaspace       used 4643K, capacity 5944K, committed 6144K, reserved 1056768K
  class space    used 420K, capacity 488K, committed 512K, reserved 1048576K
}
Event: 1.504 GC heap before
{Heap before GC invocations=8 (full 0):
 PSYoungGen      total 99328K, used 99328K [0x00000000e0f00000, 0x00000000ed300000, 0x0000000100000000)
  eden space 98304K, 100% used [0x00000000e0f00000,0x00000000e6f00000,0x00000000e6f00000)
  from space 1024K, 100% used [0x00000000e6f00000,0x00000000e7000000,0x00000000e7000000)
  to   space 2048K, 0% used [0x00000000ed100000,0x00000000ed100000,0x00000000ed300000)
 ParOldGen       total 64512K, used 1485K [0x00000000a2c00000, 0x00000000a6b00000, 0x00000000e0f00000)
  object space 64512K, 2% used [0x00000000a2c00000,0x00000000a2d736e8,0x00000000a6b00000)
 Metaspace       used 4827K, capacity 6072K, committed 6144K, reserved 1056768K
  class space    used 437K, capacity 488K, committed 512K, reserved 1048576K
Event: 1.506 GC heap after
Heap after GC invocations=8 (full 0):
 PSYoungGen      total 198656K, used 564K [0x00000000e0f00000, 0x00000000ed300000, 0x0000000100000000)
  eden space 196608K, 0% used [0x00000000e0f00000,0x00000000e0f00000,0x00000000ecf00000)
  from space 2048K, 27% used [0x00000000ed100000,0x00000000ed18d230,0x00000000ed300000)
  to   space 2048K, 0% used [0x00000000ecf00000,0x00000000ecf00000,0x00000000ed100000)
 ParOldGen       total 64512K, used 1781K [0x00000000a2c00000, 0x00000000a6b00000, 0x00000000e0f00000)
  object space 64512K, 2% used [0x00000000a2c00000,0x00000000a2dbd6e8,0x00000000a6b00000)
 Metaspace       used 4827K, capacity 6072K, committed 6144K, reserved 1056768K
  class space    used 437K, capacity 488K, committed 512K, reserved 1048576K
}
Event: 1.725 GC heap before
{Heap before GC invocations=9 (full 0):
 PSYoungGen      total 198656K, used 197172K [0x00000000e0f00000, 0x00000000ed300000, 0x0000000100000000)
  eden space 196608K, 100% used [0x00000000e0f00000,0x00000000ecf00000,0x00000000ecf00000)
  from space 2048K, 27% used [0x00000000ed100000,0x00000000ed18d230,0x00000000ed300000)
  to   space 2048K, 0% used [0x00000000ecf00000,0x00000000ecf00000,0x00000000ed100000)
 ParOldGen       total 64512K, used 1781K [0x00000000a2c00000, 0x00000000a6b00000, 0x00000000e0f00000)
  object space 64512K, 2% used [0x00000000a2c00000,0x00000000a2dbd6e8,0x00000000a6b00000)
 Metaspace       used 4838K, capacity 6136K, committed 6400K, reserved 1056768K
  class space    used 437K, capacity 488K, committed 512K, reserved 1048576K
Event: 1.729 GC heap after
Heap after GC invocations=9 (full 0):
 PSYoungGen      total 198656K, used 500K [0x00000000e0f00000, 0x00000000f4680000, 0x0000000100000000)
  eden space 196608K, 0% used [0x00000000e0f00000,0x00000000e0f00000,0x00000000ecf00000)
  from space 2048K, 24% used [0x00000000ecf00000,0x00000000ecf7d230,0x00000000ed100000)
  to   space 2048K, 0% used [0x00000000f4480000,0x00000000f4480000,0x00000000f4680000)
 ParOldGen       total 64512K, used 1797K [0x00000000a2c00000, 0x00000000a6b00000, 0x00000000e0f00000)
  object space 64512K, 2% used [0x00000000a2c00000,0x00000000a2dc16e8,0x00000000a6b00000)
 Metaspace       used 4838K, capacity 6136K, committed 6400K, reserved 1056768K
  class space    used 437K, capacity 488K, committed 512K, reserved 1048576K
}
Event: 1.885 GC heap before
{Heap before GC invocations=10 (full 0):
 PSYoungGen      total 198656K, used 197108K [0x00000000e0f00000, 0x00000000f4680000, 0x0000000100000000)
  eden space 196608K, 100% used [0x00000000e0f00000,0x00000000ecf00000,0x00000000ecf00000)
  from space 2048K, 24% used [0x00000000ecf00000,0x00000000ecf7d230,0x00000000ed100000)
  to   space 2048K, 0% used [0x00000000f4480000,0x00000000f4480000,0x00000000f4680000)
 ParOldGen       total 64512K, used 1797K [0x00000000a2c00000, 0x00000000a6b00000, 0x00000000e0f00000)
  object space 64512K, 2% used [0x00000000a2c00000,0x00000000a2dc16e8,0x00000000a6b00000)
 Metaspace       used 4838K, capacity 6136K, committed 6400K, reserved 1056768K
  class space    used 437K, capacity 488K, committed 512K, reserved 1048576K
Event: 1.891 GC heap after
Heap after GC invocations=10 (full 0):
 PSYoungGen      total 316928K, used 32K [0x00000000e0f00000, 0x00000000f4680000, 0x0000000100000000)
  eden space 314880K, 0% used [0x00000000e0f00000,0x00000000e0f00000,0x00000000f4280000)
  from space 2048K, 1% used [0x00000000f4480000,0x00000000f4488000,0x00000000f4680000)
  to   space 2048K, 0% used [0x00000000f4280000,0x00000000f4280000,0x00000000f4480000)
 ParOldGen       total 64512K, used 2271K [0x00000000a2c00000, 0x00000000a6b00000, 0x00000000e0f00000)
  object space 64512K, 3% used [0x00000000a2c00000,0x00000000a2e37c70,0x00000000a6b00000)
 Metaspace       used 4838K, capacity 6136K, committed 6400K, reserved 1056768K
  class space    used 437K, capacity 488K, committed 512K, reserved 1048576K
}
Event: 4.455 GC heap before
{Heap before GC invocations=11 (full 0):
 PSYoungGen      total 316928K, used 314912K [0x00000000e0f00000, 0x00000000f4680000, 0x0000000100000000)
  eden space 314880K, 100% used [0x00000000e0f00000,0x00000000f4280000,0x00000000f4280000)
  from space 2048K, 1% used [0x00000000f4480000,0x00000000f4488000,0x00000000f4680000)
  to   space 2048K, 0% used [0x00000000f4280000,0x00000000f4280000,0x00000000f4480000)
 ParOldGen       total 64512K, used 2271K [0x00000000a2c00000, 0x00000000a6b00000, 0x00000000e0f00000)
  object space 64512K, 3% used [0x00000000a2c00000,0x00000000a2e37c70,0x00000000a6b00000)
 Metaspace       used 4838K, capacity 6136K, committed 6400K, reserved 1056768K
  class space    used 437K, capacity 488K, committed 512K, reserved 1048576K

Deoptimization events (10 events):
Event: 1.399 Thread 0x00007f8d6c00c000 Uncommon trap: reason=class_check action=maybe_recompile pc=0x00007f8d5c89174c method=java.util.HashMap.putVal(ILjava/lang/Object;Ljava/lang/Object;ZZ)Ljava/lang/Object; @ 203
Event: 1.400 Thread 0x00007f8d6c00c000 Uncommon trap: reason=class_check action=maybe_recompile pc=0x00007f8d5c89174c method=java.util.HashMap.putVal(ILjava/lang/Object;Ljava/lang/Object;ZZ)Ljava/lang/Object; @ 203
Event: 1.412 Thread 0x00007f8d6c00c000 Uncommon trap: reason=class_check action=maybe_recompile pc=0x00007f8d5c7ecc0c method=kotlin.collections.CollectionsKt___CollectionsKt.max(Ljava/lang/Iterable;)Ljava/lang/Comparable; @ 7
Event: 1.415 Thread 0x00007f8d6c00c000 Uncommon trap: reason=class_check action=maybe_recompile pc=0x00007f8d5c7ed704 method=java.util.ArrayList.<init>(Ljava/util/Collection;)V @ 6
Event: 1.455 Thread 0x00007f8d6c00c000 Uncommon trap: reason=class_check action=maybe_recompile pc=0x00007f8d5c7ed704 method=java.util.ArrayList.<init>(Ljava/util/Collection;)V @ 6
Event: 1.455 Thread 0x00007f8d6c00c000 Uncommon trap: reason=class_check action=maybe_recompile pc=0x00007f8d5c7ed704 method=java.util.ArrayList.<init>(Ljava/util/Collection;)V @ 6
Event: 1.458 Thread 0x00007f8d6c00c000 Uncommon trap: reason=bimorphic action=maybe_recompile pc=0x00007f8d5c8c6ff0 method=java.util.AbstractCollection.toArray()[Ljava/lang/Object; @ 1
Event: 1.459 Thread 0x00007f8d6c00c000 Uncommon trap: reason=bimorphic action=maybe_recompile pc=0x00007f8d5c8c6ff0 method=java.util.AbstractCollection.toArray()[Ljava/lang/Object; @ 1
Event: 1.459 Thread 0x00007f8d6c00c000 Uncommon trap: reason=bimorphic action=maybe_recompile pc=0x00007f8d5c8c6ff0 method=java.util.AbstractCollection.toArray()[Ljava/lang/Object; @ 1
Event: 1.459 Thread 0x00007f8d6c00c000 Uncommon trap: reason=bimorphic action=maybe_recompile pc=0x00007f8d5c8c6ff0 method=java.util.AbstractCollection.toArray()[Ljava/lang/Object; @ 1

Classes redefined (0 events):
No events

Internal exceptions (5 events):
Event: 0.041 Thread 0x00007f8d6c00c000 Exception <a 'java/lang/NoSuchMethodError': Method sun.misc.Unsafe.defineClass(Ljava/lang/String;[BII)Ljava/lang/Class; name or signature does not match> (0x00000000e0f07cb0) thrown at [/HUDSON/workspace/8-2-build-linux-amd64/jdk8u171/10807/hotspot/src/sh
Event: 0.041 Thread 0x00007f8d6c00c000 Exception <a 'java/lang/NoSuchMethodError': Method sun.misc.Unsafe.prefetchRead(Ljava/lang/Object;J)V name or signature does not match> (0x00000000e0f07f98) thrown at [/HUDSON/workspace/8-2-build-linux-amd64/jdk8u171/10807/hotspot/src/share/vm/prims/jni.c
Event: 0.090 Thread 0x00007f8d6c00c000 Exception <a 'java/security/PrivilegedActionException'> (0x00000000e0f63cb0) thrown at [/HUDSON/workspace/8-2-build-linux-amd64/jdk8u171/10807/hotspot/src/share/vm/prims/jvm.cpp, line 1435]
Event: 0.090 Thread 0x00007f8d6c00c000 Exception <a 'java/security/PrivilegedActionException'> (0x00000000e0f63ec0) thrown at [/HUDSON/workspace/8-2-build-linux-amd64/jdk8u171/10807/hotspot/src/share/vm/prims/jvm.cpp, line 1435]
Event: 0.407 Thread 0x00007f8d6c00c000 Implicit null exception at 0x00007f8d5c77f9d6 to 0x00007f8d5c781af5

Events (10 events):
Event: 1.459 Thread 0x00007f8d6c00c000 DEOPT UNPACKING pc=0x00007f8d5c5e773a sp=0x00007f8d727df450 mode 2
Event: 1.465 loading class aoc/day10/Day10$Part2
Event: 1.465 loading class aoc/day10/Day10$Part2 done
Event: 1.503 Executing VM operation: ParallelGCFailedAllocation
Event: 1.507 Executing VM operation: ParallelGCFailedAllocation done
Event: 1.725 Executing VM operation: ParallelGCFailedAllocation
Event: 1.729 Executing VM operation: ParallelGCFailedAllocation done
Event: 1.885 Executing VM operation: ParallelGCFailedAllocation
Event: 1.891 Executing VM operation: ParallelGCFailedAllocation done
Event: 3.022 Executing VM operation: ParallelGCFailedAllocation


Dynamic libraries:
00400000-00401000 r-xp 00000000 08:01 529865                             /usr/lib/jvm/java-8-oracle/bin/java
00600000-00601000 rw-p 00000000 08:01 529865                             /usr/lib/jvm/java-8-oracle/bin/java
025e7000-02608000 rw-p 00000000 00:00 0                                  [heap]
a2c00000-a6b00000 rw-p 00000000 00:00 0 
a6b00000-e0f00000 ---p 00000000 00:00 0 
e0f00000-f4680000 rw-p 00000000 00:00 0 
fff00000-100000000 ---p 00000000 00:00 0 
100000000-100080000 rw-p 00000000 00:00 0 
100080000-140000000 ---p 00000000 00:00 0 
7f8d20000000-7f8d20021000 rw-p 00000000 00:00 0 
7f8d20021000-7f8d24000000 ---p 00000000 00:00 0 
7f8d24000000-7f8d24021000 rw-p 00000000 00:00 0 
7f8d24021000-7f8d28000000 ---p 00000000 00:00 0 
7f8d28000000-7f8d283d4000 rw-p 00000000 00:00 0 
7f8d283d4000-7f8d2c000000 ---p 00000000 00:00 0 
7f8d2c000000-7f8d2c3e3000 rw-p 00000000 00:00 0 
7f8d2c3e3000-7f8d30000000 ---p 00000000 00:00 0 
7f8d30000000-7f8d30021000 rw-p 00000000 00:00 0 
7f8d30021000-7f8d34000000 ---p 00000000 00:00 0 
7f8d34000000-7f8d3447b000 rw-p 00000000 00:00 0 
7f8d3447b000-7f8d38000000 ---p 00000000 00:00 0 
7f8d38000000-7f8d38021000 rw-p 00000000 00:00 0 
7f8d38021000-7f8d3c000000 ---p 00000000 00:00 0 
7f8d3c000000-7f8d3c021000 rw-p 00000000 00:00 0 
7f8d3c021000-7f8d40000000 ---p 00000000 00:00 0 
7f8d40000000-7f8d40291000 rw-p 00000000 00:00 0 
7f8d40291000-7f8d44000000 ---p 00000000 00:00 0 
7f8d44000000-7f8d44021000 rw-p 00000000 00:00 0 
7f8d44021000-7f8d48000000 ---p 00000000 00:00 0 
7f8d49be9000-7f8d49c1e000 r--s 00241000 08:01 17830995                   /home/roland/.gradle/caches/modules-2/files-2.1/org.jetbrains.kotlin/kotlin-reflect/1.2.51/36b719a7b84452dd13eeec979d8c82bfb765c57d/kotlin-reflect-1.2.51.jar
7f8d49c1e000-7f8d49c1f000 ---p 00000000 00:00 0 
7f8d49c1f000-7f8d49d1f000 rw-p 00000000 00:00 0 
7f8d49d1f000-7f8d49d22000 ---p 00000000 00:00 0 
7f8d49d22000-7f8d49e20000 rw-p 00000000 00:00 0 
7f8d49e20000-7f8d49e21000 ---p 00000000 00:00 0 
7f8d49e21000-7f8d49e24000 ---p 00000000 00:00 0 
7f8d49e24000-7f8d49f21000 rw-p 00000000 00:00 0 
7f8d49f21000-7f8d49f22000 ---p 00000000 00:00 0 
7f8d49f22000-7f8d49f25000 ---p 00000000 00:00 0 
7f8d49f25000-7f8d4a022000 rw-p 00000000 00:00 0 
7f8d4a022000-7f8d4a023000 ---p 00000000 00:00 0 
7f8d4a023000-7f8d4a026000 ---p 00000000 00:00 0 
7f8d4a026000-7f8d4a123000 rw-p 00000000 00:00 0 
7f8d4a123000-7f8d4a126000 ---p 00000000 00:00 0 
7f8d4a126000-7f8d4a224000 rw-p 00000000 00:00 0 
7f8d4a224000-7f8d4abf3000 r--p 00000000 08:01 268915                     /usr/lib/locale/locale-archive
7f8d4abf3000-7f8d4abf6000 ---p 00000000 00:00 0 
7f8d4abf6000-7f8d4acf4000 rw-p 00000000 00:00 0 
7f8d4acf4000-7f8d4acf7000 ---p 00000000 00:00 0 
7f8d4acf7000-7f8d4adf5000 rw-p 00000000 00:00 0 
7f8d4adf5000-7f8d4adf6000 ---p 00000000 00:00 0 
7f8d4adf6000-7f8d4be26000 rw-p 00000000 00:00 0 
7f8d4be26000-7f8d4c000000 r--s 03d68000 08:01 1312679                    /usr/lib/jvm/java-8-oracle/jre/lib/rt.jar
7f8d4c000000-7f8d4c021000 rw-p 00000000 00:00 0 
7f8d4c021000-7f8d50000000 ---p 00000000 00:00 0 
7f8d50000000-7f8d50021000 rw-p 00000000 00:00 0 
7f8d50021000-7f8d54000000 ---p 00000000 00:00 0 
7f8d54000000-7f8d54021000 rw-p 00000000 00:00 0 
7f8d54021000-7f8d58000000 ---p 00000000 00:00 0 
7f8d58015000-7f8d58638000 rw-p 00000000 00:00 0 
7f8d58638000-7f8d58878000 ---p 00000000 00:00 0 
7f8d58878000-7f8d5ba02000 rw-p 00000000 00:00 0 
7f8d5ba02000-7f8d5ba03000 ---p 00000000 00:00 0 
7f8d5ba03000-7f8d5bb03000 rw-p 00000000 00:00 0 
7f8d5bb03000-7f8d5bb04000 ---p 00000000 00:00 0 
7f8d5bb04000-7f8d5bc04000 rw-p 00000000 00:00 0 
7f8d5bc04000-7f8d5bc05000 ---p 00000000 00:00 0 
7f8d5bc05000-7f8d5bd25000 rw-p 00000000 00:00 0 
7f8d5bd25000-7f8d5bef7000 ---p 00000000 00:00 0 
7f8d5bef7000-7f8d5bf17000 rw-p 00000000 00:00 0 
7f8d5bf17000-7f8d5c0e8000 ---p 00000000 00:00 0 
7f8d5c0e8000-7f8d5c185000 rw-p 00000000 00:00 0 
7f8d5c185000-7f8d5c1e1000 ---p 00000000 00:00 0 
7f8d5c1e1000-7f8d5c1f0000 rw-p 00000000 00:00 0 
7f8d5c1f0000-7f8d5c5a2000 ---p 00000000 00:00 0 
7f8d5c5a2000-7f8d5c8f2000 rwxp 00000000 00:00 0 
7f8d5c8f2000-7f8d6b5a2000 ---p 00000000 00:00 0 
7f8d6b5a2000-7f8d6b5bd000 r-xp 00000000 08:01 1317196                    /usr/lib/jvm/java-8-oracle/jre/lib/amd64/libzip.so
7f8d6b5bd000-7f8d6b7bd000 ---p 0001b000 08:01 1317196                    /usr/lib/jvm/java-8-oracle/jre/lib/amd64/libzip.so
7f8d6b7bd000-7f8d6b7be000 rw-p 0001b000 08:01 1317196                    /usr/lib/jvm/java-8-oracle/jre/lib/amd64/libzip.so
7f8d6b7be000-7f8d6b7c9000 r-xp 00000000 08:01 16257719                   /lib/x86_64-linux-gnu/libnss_files-2.27.so
7f8d6b7c9000-7f8d6b9c8000 ---p 0000b000 08:01 16257719                   /lib/x86_64-linux-gnu/libnss_files-2.27.so
7f8d6b9c8000-7f8d6b9c9000 r--p 0000a000 08:01 16257719                   /lib/x86_64-linux-gnu/libnss_files-2.27.so
7f8d6b9c9000-7f8d6b9ca000 rw-p 0000b000 08:01 16257719                   /lib/x86_64-linux-gnu/libnss_files-2.27.so
7f8d6b9ca000-7f8d6b9d0000 rw-p 00000000 00:00 0 
7f8d6b9d0000-7f8d6b9e7000 r-xp 00000000 08:01 16257713                   /lib/x86_64-linux-gnu/libnsl-2.27.so
7f8d6b9e7000-7f8d6bbe6000 ---p 00017000 08:01 16257713                   /lib/x86_64-linux-gnu/libnsl-2.27.so
7f8d6bbe6000-7f8d6bbe7000 r--p 00016000 08:01 16257713                   /lib/x86_64-linux-gnu/libnsl-2.27.so
7f8d6bbe7000-7f8d6bbe8000 rw-p 00017000 08:01 16257713                   /lib/x86_64-linux-gnu/libnsl-2.27.so
7f8d6bbe8000-7f8d6bbea000 rw-p 00000000 00:00 0 
7f8d6bbea000-7f8d6bbf5000 r-xp 00000000 08:01 16257730                   /lib/x86_64-linux-gnu/libnss_nis-2.27.so
7f8d6bbf5000-7f8d6bdf4000 ---p 0000b000 08:01 16257730                   /lib/x86_64-linux-gnu/libnss_nis-2.27.so
7f8d6bdf4000-7f8d6bdf5000 r--p 0000a000 08:01 16257730                   /lib/x86_64-linux-gnu/libnss_nis-2.27.so
7f8d6bdf5000-7f8d6bdf6000 rw-p 0000b000 08:01 16257730                   /lib/x86_64-linux-gnu/libnss_nis-2.27.so
7f8d6bdf6000-7f8d6bdfe000 r-xp 00000000 08:01 16257715                   /lib/x86_64-linux-gnu/libnss_compat-2.27.so
7f8d6bdfe000-7f8d6bffe000 ---p 00008000 08:01 16257715                   /lib/x86_64-linux-gnu/libnss_compat-2.27.so
7f8d6bffe000-7f8d6bfff000 r--p 00008000 08:01 16257715                   /lib/x86_64-linux-gnu/libnss_compat-2.27.so
7f8d6bfff000-7f8d6c000000 rw-p 00009000 08:01 16257715                   /lib/x86_64-linux-gnu/libnss_compat-2.27.so
7f8d6c000000-7f8d6c452000 rw-p 00000000 00:00 0 
7f8d6c452000-7f8d70000000 ---p 00000000 00:00 0 
7f8d70009000-7f8d700ce000 rw-p 00000000 00:00 0 
7f8d700ce000-7f8d700cf000 ---p 00000000 00:00 0 
7f8d700cf000-7f8d701cf000 rw-p 00000000 00:00 0 
7f8d701cf000-7f8d701fa000 r-xp 00000000 08:01 1317190                    /usr/lib/jvm/java-8-oracle/jre/lib/amd64/libjava.so
7f8d701fa000-7f8d703f9000 ---p 0002b000 08:01 1317190                    /usr/lib/jvm/java-8-oracle/jre/lib/amd64/libjava.so
7f8d703f9000-7f8d703fb000 rw-p 0002a000 08:01 1317190                    /usr/lib/jvm/java-8-oracle/jre/lib/amd64/libjava.so
7f8d703fb000-7f8d70408000 r-xp 00000000 08:01 1317195                    /usr/lib/jvm/java-8-oracle/jre/lib/amd64/libverify.so
7f8d70408000-7f8d70608000 ---p 0000d000 08:01 1317195                    /usr/lib/jvm/java-8-oracle/jre/lib/amd64/libverify.so
7f8d70608000-7f8d7060a000 rw-p 0000d000 08:01 1317195                    /usr/lib/jvm/java-8-oracle/jre/lib/amd64/libverify.so
7f8d7060a000-7f8d70611000 r-xp 00000000 08:01 16257770                   /lib/x86_64-linux-gnu/librt-2.27.so
7f8d70611000-7f8d70810000 ---p 00007000 08:01 16257770                   /lib/x86_64-linux-gnu/librt-2.27.so
7f8d70810000-7f8d70811000 r--p 00006000 08:01 16257770                   /lib/x86_64-linux-gnu/librt-2.27.so
7f8d70811000-7f8d70812000 rw-p 00007000 08:01 16257770                   /lib/x86_64-linux-gnu/librt-2.27.so
7f8d70812000-7f8d709af000 r-xp 00000000 08:01 16257692                   /lib/x86_64-linux-gnu/libm-2.27.so
7f8d709af000-7f8d70bae000 ---p 0019d000 08:01 16257692                   /lib/x86_64-linux-gnu/libm-2.27.so
7f8d70bae000-7f8d70baf000 r--p 0019c000 08:01 16257692                   /lib/x86_64-linux-gnu/libm-2.27.so
7f8d70baf000-7f8d70bb0000 rw-p 0019d000 08:01 16257692                   /lib/x86_64-linux-gnu/libm-2.27.so
7f8d70bb0000-7f8d71889000 r-xp 00000000 08:01 1317172                    /usr/lib/jvm/java-8-oracle/jre/lib/amd64/server/libjvm.so
7f8d71889000-7f8d71a88000 ---p 00cd9000 08:01 1317172                    /usr/lib/jvm/java-8-oracle/jre/lib/amd64/server/libjvm.so
7f8d71a88000-7f8d71b62000 rw-p 00cd8000 08:01 1317172                    /usr/lib/jvm/java-8-oracle/jre/lib/amd64/server/libjvm.so
7f8d71b62000-7f8d71bad000 rw-p 00000000 00:00 0 
7f8d71bad000-7f8d71d94000 r-xp 00000000 08:01 16257629                   /lib/x86_64-linux-gnu/libc-2.27.so
7f8d71d94000-7f8d71f94000 ---p 001e7000 08:01 16257629                   /lib/x86_64-linux-gnu/libc-2.27.so
7f8d71f94000-7f8d71f98000 r--p 001e7000 08:01 16257629                   /lib/x86_64-linux-gnu/libc-2.27.so
7f8d71f98000-7f8d71f9a000 rw-p 001eb000 08:01 16257629                   /lib/x86_64-linux-gnu/libc-2.27.so
7f8d71f9a000-7f8d71f9e000 rw-p 00000000 00:00 0 
7f8d71f9e000-7f8d71fa1000 r-xp 00000000 08:01 16257652                   /lib/x86_64-linux-gnu/libdl-2.27.so
7f8d71fa1000-7f8d721a0000 ---p 00003000 08:01 16257652                   /lib/x86_64-linux-gnu/libdl-2.27.so
7f8d721a0000-7f8d721a1000 r--p 00002000 08:01 16257652                   /lib/x86_64-linux-gnu/libdl-2.27.so
7f8d721a1000-7f8d721a2000 rw-p 00003000 08:01 16257652                   /lib/x86_64-linux-gnu/libdl-2.27.so
7f8d721a2000-7f8d721b8000 r-xp 00000000 08:01 660948                     /usr/lib/jvm/java-8-oracle/lib/amd64/jli/libjli.so
7f8d721b8000-7f8d723b7000 ---p 00016000 08:01 660948                     /usr/lib/jvm/java-8-oracle/lib/amd64/jli/libjli.so
7f8d723b7000-7f8d723b8000 rw-p 00015000 08:01 660948                     /usr/lib/jvm/java-8-oracle/lib/amd64/jli/libjli.so
7f8d723b8000-7f8d723d2000 r-xp 00000000 08:01 16257762                   /lib/x86_64-linux-gnu/libpthread-2.27.so
7f8d723d2000-7f8d725d1000 ---p 0001a000 08:01 16257762                   /lib/x86_64-linux-gnu/libpthread-2.27.so
7f8d725d1000-7f8d725d2000 r--p 00019000 08:01 16257762                   /lib/x86_64-linux-gnu/libpthread-2.27.so
7f8d725d2000-7f8d725d3000 rw-p 0001a000 08:01 16257762                   /lib/x86_64-linux-gnu/libpthread-2.27.so
7f8d725d3000-7f8d725d7000 rw-p 00000000 00:00 0 
7f8d725d7000-7f8d725fe000 r-xp 00000000 08:01 16257601                   /lib/x86_64-linux-gnu/ld-2.27.so
7f8d7260e000-7f8d7261e000 r--s 000db000 08:01 17830997                   /home/roland/.gradle/caches/modules-2/files-2.1/org.jetbrains.kotlin/kotlin-stdlib/1.2.51/fa8127e505bff50fec291d0dd619d1bda5c619e0/kotlin-stdlib-1.2.51.jar
7f8d7261e000-7f8d726e0000 rw-p 00000000 00:00 0 
7f8d726e0000-7f8d726e1000 ---p 00000000 00:00 0 
7f8d726e1000-7f8d726e4000 ---p 00000000 00:00 0 
7f8d726e4000-7f8d727e5000 rw-p 00000000 00:00 0 
7f8d727ed000-7f8d727f4000 r--s 00044000 08:01 17829694                   /home/roland/.gradle/caches/modules-2/files-2.1/org.jetbrains.kotlinx/kotlinx-coroutines-core/0.14/7cf86d32f4c72a42d7d317c763c33b035f08bad7/kotlinx-coroutines-core-0.14.jar
7f8d727f4000-7f8d727fc000 rw-s 00000000 08:01 17831054                   /tmp/hsperfdata_roland/3184
7f8d727fc000-7f8d727fd000 rw-p 00000000 00:00 0 
7f8d727fd000-7f8d727fe000 ---p 00000000 00:00 0 
7f8d727fe000-7f8d727ff000 r--p 00027000 08:01 16257601                   /lib/x86_64-linux-gnu/ld-2.27.so
7f8d727ff000-7f8d72800000 rw-p 00028000 08:01 16257601                   /lib/x86_64-linux-gnu/ld-2.27.so
7f8d72800000-7f8d72801000 rw-p 00000000 00:00 0 
7ffe39adc000-7ffe39afe000 rw-p 00000000 00:00 0                          [stack]
7ffe39b11000-7ffe39b14000 r--p 00000000 00:00 0                          [vvar]
7ffe39b14000-7ffe39b16000 r-xp 00000000 00:00 0                          [vdso]
ffffffffff600000-ffffffffff601000 r-xp 00000000 00:00 0                  [vsyscall]

VM Arguments:
jvm_args: -Dfile.encoding=UTF-8 -Duser.country=IE -Duser.language=en -Duser.variant 
java_command: aoc.Main
java_class_path (initial): /home/roland/Development/Home/kotlin-aoc-2017/build/classes/java/main:/home/roland/Development/Home/kotlin-aoc-2017/build/classes/kotlin/main:/home/roland/Development/Home/kotlin-aoc-2017/build/resources/main:/home/roland/.gradle/caches/modules-2/files-2.1/org.jetbrains.kotlin/kotlin-reflect/1.2.51/36b719a7b84452dd13eeec979d8c82bfb765c57d/kotlin-reflect-1.2.51.jar:/home/roland/.gradle/caches/modules-2/files-2.1/org.jetbrains.kotlinx/kotlinx-coroutines-core/0.14/7cf86d32f4c72a42d7d317c763c33b035f08bad7/kotlinx-coroutines-core-0.14.jar:/home/roland/.gradle/caches/modules-2/files-2.1/org.jetbrains.kotlin/kotlin-stdlib/1.2.51/fa8127e505bff50fec291d0dd619d1bda5c619e0/kotlin-stdlib-1.2.51.jar:/home/roland/.gradle/caches/modules-2/files-2.1/ch.qos.logback/logback-classic/1.2.2/f81d1cb16fc384523de17ba46370d863bc2f691/logback-classic-1.2.2.jar:/home/roland/.gradle/caches/modules-2/files-2.1/org.jetbrains.kotlin/kotlin-stdlib-common/1.2.51/e4a9d4b13ab19ed1e6531fce6df98e8cfa7f7301/kotlin-stdlib-common-1.2.51.jar:/home/roland/.gradle/caches/modules-2/files-2.1/org.jetbrains/annotations/13.0/919f0dfe192fb4e063e7dacadee7f8bb9a2672a9/annotations-13.0.jar:/home/roland/.gradle/caches/modules-2/files-2.1/ch.qos.logback/logback-core/1.2.2/109effd31823149f25e73607d45fb9882642a720/logback-core-1.2.2.jar:/home/roland/.gradle/caches/modules-2/files-2.1/org.slf4j/slf4j-api/1.7.25/da76ca59f6a57ee3102f8f9bd9cee742973efa8a/slf4j-api-1.7.25.jar
Launcher Type: SUN_STANDARD

Environment Variables:
PATH=/home/roland/.sdkman/candidates/gradle/current/bin:/home/roland/.jenv/shims:/usr/local/sbin:/usr/local/bin:/usr/sbin:/usr/bin:/sbin:/bin:/usr/games:/usr/local/games:/snap/bin:/usr/lib/jvm/java-8-oracle/bin:/usr/lib/jvm/java-8-oracle/db/bin:/usr/lib/jvm/java-8-oracle/jre/bin:/home/roland/.local/bin:/home/roland/.jenv/bin:/home/roland/.conscript/bin
SHELL=/bin/zsh
DISPLAY=:0

Signal Handlers:
SIGSEGV: [libjvm.so+0xad0890], sa_mask[0]=11111111011111111101111111111110, sa_flags=SA_RESTART|SA_SIGINFO
SIGBUS: [libjvm.so+0xad0890], sa_mask[0]=11111111011111111101111111111110, sa_flags=SA_RESTART|SA_SIGINFO
SIGFPE: [libjvm.so+0x928640], sa_mask[0]=11111111011111111101111111111110, sa_flags=SA_RESTART|SA_SIGINFO
SIGPIPE: [libjvm.so+0x928640], sa_mask[0]=11111111011111111101111111111110, sa_flags=SA_RESTART|SA_SIGINFO
SIGXFSZ: [libjvm.so+0x928640], sa_mask[0]=11111111011111111101111111111110, sa_flags=SA_RESTART|SA_SIGINFO
SIGILL: [libjvm.so+0x928640], sa_mask[0]=11111111011111111101111111111110, sa_flags=SA_RESTART|SA_SIGINFO
SIGUSR1: SIG_DFL, sa_mask[0]=00000000000000000000000000000000, sa_flags=none
SIGUSR2: [libjvm.so+0x929ea0], sa_mask[0]=00100000000000000000000000000000, sa_flags=SA_RESTART|SA_SIGINFO
SIGHUP: [libjvm.so+0x92b2a0], sa_mask[0]=11111111011111111101111111111110, sa_flags=SA_RESTART|SA_SIGINFO
SIGINT: [libjvm.so+0x92b2a0], sa_mask[0]=11111111011111111101111111111110, sa_flags=SA_RESTART|SA_SIGINFO
SIGTERM: [libjvm.so+0x92b2a0], sa_mask[0]=11111111011111111101111111111110, sa_flags=SA_RESTART|SA_SIGINFO
SIGQUIT: [libjvm.so+0x92b2a0], sa_mask[0]=11111111011111111101111111111110, sa_flags=SA_RESTART|SA_SIGINFO


---------------  S Y S T E M  ---------------

OS:DISTRIB_ID=Ubuntu
DISTRIB_RELEASE=18.04
DISTRIB_CODENAME=bionic
DISTRIB_DESCRIPTION="Ubuntu 18.04 LTS"

uname:Linux 4.15.0-23-generic #25-Ubuntu SMP Wed May 23 18:02:16 UTC 2018 x86_64
libc:glibc 2.27 NPTL 2.27 
rlimit: STACK 8192k, CORE 0k, NPROC 23611, NOFILE 4096, AS infinity
load average:6.42 2.54 1.71

/proc/meminfo:
MemTotal:        6103564 kB
MemFree:           94212 kB
MemAvailable:       1260 kB
Buffers:            1864 kB
Cached:           305568 kB
SwapCached:         5564 kB
Active:          5005100 kB
Inactive:         727064 kB
Active(anon):    4991708 kB
Inactive(anon):   713112 kB
Active(file):      13392 kB
Inactive(file):    13952 kB
Unevictable:         120 kB
Mlocked:             120 kB
SwapTotal:       2097148 kB
SwapFree:              0 kB
Dirty:               168 kB
Writeback:           848 kB
AnonPages:       5421912 kB
Mapped:           299224 kB
Shmem:            279688 kB
Slab:              96756 kB
SReclaimable:      40460 kB
SUnreclaim:        56296 kB
KernelStack:       16288 kB
PageTables:        75652 kB
NFS_Unstable:          0 kB
Bounce:                0 kB
WritebackTmp:          0 kB
CommitLimit:     5148928 kB
Committed_AS:   16854904 kB
VmallocTotal:   34359738367 kB
VmallocUsed:           0 kB
VmallocChunk:          0 kB
HardwareCorrupted:     0 kB
AnonHugePages:         0 kB
ShmemHugePages:        0 kB
ShmemPmdMapped:        0 kB
CmaTotal:              0 kB
CmaFree:               0 kB
HugePages_Total:       0
HugePages_Free:        0
HugePages_Rsvd:        0
HugePages_Surp:        0
Hugepagesize:       2048 kB
DirectMap4k:      296896 kB
DirectMap2M:     5994496 kB


CPU:total 4 (initial active 4) (4 cores per cpu, 1 threads per core) family 6 model 42 stepping 7, cmov, cx8, fxsr, mmx, sse, sse2, sse3, ssse3, sse4.1, sse4.2, popcnt, avx, aes, clmul, tsc, tscinvbit

/proc/cpuinfo:
processor	: 0
vendor_id	: GenuineIntel
cpu family	: 6
model		: 42
model name	: Intel(R) Core(TM) i7-2820QM CPU @ 2.30GHz
stepping	: 7
cpu MHz		: 2299.998
cache size	: 8192 KB
physical id	: 0
siblings	: 4
core id		: 0
cpu cores	: 4
apicid		: 0
initial apicid	: 0
fpu		: yes
fpu_exception	: yes
cpuid level	: 13
wp		: yes
flags		: fpu vme de pse tsc msr pae mce cx8 apic sep mtrr pge mca cmov pat pse36 clflush mmx fxsr sse sse2 ht syscall nx rdtscp lm constant_tsc rep_good nopl xtopology nonstop_tsc cpuid pni pclmulqdq ssse3 cx16 sse4_1 sse4_2 x2apic popcnt aes xsave avx hypervisor lahf_lm pti
bugs		: cpu_meltdown spectre_v1 spectre_v2 spec_store_bypass
bogomips	: 4599.99
clflush size	: 64
cache_alignment	: 64
address sizes	: 36 bits physical, 48 bits virtual
power management:

processor	: 1
vendor_id	: GenuineIntel
cpu family	: 6
model		: 42
model name	: Intel(R) Core(TM) i7-2820QM CPU @ 2.30GHz
stepping	: 7
cpu MHz		: 2299.998
cache size	: 8192 KB
physical id	: 0
siblings	: 4
core id		: 1
cpu cores	: 4
apicid		: 1
initial apicid	: 1
fpu		: yes
fpu_exception	: yes
cpuid level	: 13
wp		: yes
flags		: fpu vme de pse tsc msr pae mce cx8 apic sep mtrr pge mca cmov pat pse36 clflush mmx fxsr sse sse2 ht syscall nx rdtscp lm constant_tsc rep_good nopl xtopology nonstop_tsc cpuid pni pclmulqdq ssse3 cx16 sse4_1 sse4_2 x2apic popcnt aes xsave avx hypervisor lahf_lm pti
bugs		: cpu_meltdown spectre_v1 spectre_v2 spec_store_bypass
bogomips	: 4599.99
clflush size	: 64
cache_alignment	: 64
address sizes	: 36 bits physical, 48 bits virtual
power management:

processor	: 2
vendor_id	: GenuineIntel
cpu family	: 6
model		: 42
model name	: Intel(R) Core(TM) i7-2820QM CPU @ 2.30GHz
stepping	: 7
cpu MHz		: 2299.998
cache size	: 8192 KB
physical id	: 0
siblings	: 4
core id		: 2
cpu cores	: 4
apicid		: 2
initial apicid	: 2
fpu		: yes
fpu_exception	: yes
cpuid level	: 13
wp		: yes
flags		: fpu vme de pse tsc msr pae mce cx8 apic sep mtrr pge mca cmov pat pse36 clflush mmx fxsr sse sse2 ht syscall nx rdtscp lm constant_tsc rep_good nopl xtopology nonstop_tsc cpuid pni pclmulqdq ssse3 cx16 sse4_1 sse4_2 x2apic popcnt aes xsave avx hypervisor lahf_lm pti
bugs		: cpu_meltdown spectre_v1 spectre_v2 spec_store_bypass
bogomips	: 4599.99
clflush size	: 64
cache_alignment	: 64
address sizes	: 36 bits physical, 48 bits virtual
power management:

processor	: 3
vendor_id	: GenuineIntel
cpu family	: 6
model		: 42
model name	: Intel(R) Core(TM) i7-2820QM CPU @ 2.30GHz
stepping	: 7
cpu MHz		: 2299.998
cache size	: 8192 KB
physical id	: 0
siblings	: 4
core id		: 3
cpu cores	: 4
apicid		: 3
initial apicid	: 3
fpu		: yes
fpu_exception	: yes
cpuid level	: 13
wp		: yes
flags		: fpu vme de pse tsc msr pae mce cx8 apic sep mtrr pge mca cmov pat pse36 clflush mmx fxsr sse sse2 ht syscall nx rdtscp lm constant_tsc rep_good nopl xtopology nonstop_tsc cpuid pni pclmulqdq ssse3 cx16 sse4_1 sse4_2 x2apic popcnt aes xsave avx hypervisor lahf_lm pti
bugs		: cpu_meltdown spectre_v1 spectre_v2 spec_store_bypass
bogomips	: 4599.99
clflush size	: 64
cache_alignment	: 64
address sizes	: 36 bits physical, 48 bits virtual
power management:



Memory: 4k page, physical 6103564k(94212k free), swap 2097148k(0k free)

vm_info: Java HotSpot(TM) 64-Bit Server VM (25.171-b11) for linux-amd64 JRE (1.8.0_171-b11), built on Mar 28 2018 17:07:08 by "java_re" with gcc 4.3.0 20080428 (Red Hat 4.3.0-8)

time: Wed Jul 11 08:16:28 2018
elapsed time: 7 seconds (0d 0h 0m 7s)

